2017-03-05 18:59:34,993 - root - INFO - Getting started.
2017-03-05 18:59:35,000 - root - INFO - Working on 20161025.
2017-03-05 18:59:49,324 - root - INFO - Working on 20161026.
2017-03-05 19:00:03,377 - root - INFO - Working on 20161027.
2017-03-05 19:00:17,303 - root - INFO - Working on 20161028.
2017-03-05 19:00:35,195 - root - INFO - Working on 20161029.
2017-03-05 19:00:49,325 - root - INFO - Working on 20161030.
2017-03-05 19:00:59,653 - root - INFO - Working on 20161031.
2017-03-05 19:00:59,731 - root - ERROR - Unexpected error: <class 'NameError'>
2017-03-05 19:00:59,734 - root - INFO - Finished.
2017-03-05 19:14:42,571 - root - INFO - Getting started.
2017-03-05 19:14:42,571 - root - INFO - Getting started.
2017-03-05 19:14:42,575 - root - INFO - Working on 20161101.
2017-03-05 19:14:42,575 - root - INFO - Working on 20161101.
2017-03-05 19:14:46,658 - root - ERROR - Unexpected error: <class 'NameError'>
2017-03-05 19:14:46,658 - root - ERROR - Unexpected error: <class 'NameError'>
2017-03-05 19:14:46,661 - root - INFO - Finished.
2017-03-05 19:14:46,661 - root - INFO - Finished.
2017-03-05 19:15:41,094 - root - INFO - Getting started.
2017-03-05 19:15:41,094 - root - INFO - Getting started.
2017-03-05 19:15:41,094 - root - INFO - Getting started.
2017-03-05 19:15:41,098 - root - INFO - Working on 20161101.
2017-03-05 19:15:41,098 - root - INFO - Working on 20161101.
2017-03-05 19:15:41,098 - root - INFO - Working on 20161101.
2017-03-05 19:16:22,855 - root - INFO - Working on 20161102.
2017-03-05 19:16:22,855 - root - INFO - Working on 20161102.
2017-03-05 19:16:22,855 - root - INFO - Working on 20161102.
2017-03-05 19:16:22,962 - root - ERROR - Unexpected error: <class 'NameError'>
2017-03-05 19:16:22,962 - root - ERROR - Unexpected error: <class 'NameError'>
2017-03-05 19:16:22,962 - root - ERROR - Unexpected error: <class 'NameError'>
2017-03-05 19:16:22,964 - root - INFO - Finished.
2017-03-05 19:16:22,964 - root - INFO - Finished.
2017-03-05 19:16:22,964 - root - INFO - Finished.
2017-03-05 19:19:04,214 - root - INFO - Getting started.
2017-03-05 19:19:04,214 - root - INFO - Getting started.
2017-03-05 19:19:04,214 - root - INFO - Getting started.
2017-03-05 19:19:04,214 - root - INFO - Getting started.
2017-03-05 19:19:04,217 - root - INFO - Working on 20161102.
2017-03-05 19:19:04,217 - root - INFO - Working on 20161102.
2017-03-05 19:19:04,217 - root - INFO - Working on 20161102.
2017-03-05 19:19:04,217 - root - INFO - Working on 20161102.
2017-03-05 19:19:28,387 - root - INFO - Working on 20161103.
2017-03-05 19:19:28,387 - root - INFO - Working on 20161103.
2017-03-05 19:19:28,387 - root - INFO - Working on 20161103.
2017-03-05 19:19:28,387 - root - INFO - Working on 20161103.
2017-03-05 19:19:49,117 - root - INFO - Working on 20161104.
2017-03-05 19:19:49,117 - root - INFO - Working on 20161104.
2017-03-05 19:19:49,117 - root - INFO - Working on 20161104.
2017-03-05 19:19:49,117 - root - INFO - Working on 20161104.
2017-03-05 19:19:49,201 - root - ERROR - Unexpected error: <class 'NameError'>
2017-03-05 19:19:49,201 - root - ERROR - Unexpected error: <class 'NameError'>
2017-03-05 19:19:49,201 - root - ERROR - Unexpected error: <class 'NameError'>
2017-03-05 19:19:49,201 - root - ERROR - Unexpected error: <class 'NameError'>
2017-03-05 19:19:49,203 - root - INFO - Finished.
2017-03-05 19:19:49,203 - root - INFO - Finished.
2017-03-05 19:19:49,203 - root - INFO - Finished.
2017-03-05 19:19:49,203 - root - INFO - Finished.
2017-03-05 19:21:36,745 - root - INFO - Getting started.
2017-03-05 19:21:36,745 - root - INFO - Getting started.
2017-03-05 19:21:36,745 - root - INFO - Getting started.
2017-03-05 19:21:36,745 - root - INFO - Getting started.
2017-03-05 19:21:36,745 - root - INFO - Getting started.
2017-03-05 19:21:36,749 - root - INFO - Working on 20161104.
2017-03-05 19:21:36,749 - root - INFO - Working on 20161104.
2017-03-05 19:21:36,749 - root - INFO - Working on 20161104.
2017-03-05 19:21:36,749 - root - INFO - Working on 20161104.
2017-03-05 19:21:36,749 - root - INFO - Working on 20161104.
2017-03-05 19:22:04,389 - root - INFO - Working on 20161105.
2017-03-05 19:22:04,389 - root - INFO - Working on 20161105.
2017-03-05 19:22:04,389 - root - INFO - Working on 20161105.
2017-03-05 19:22:04,389 - root - INFO - Working on 20161105.
2017-03-05 19:22:04,389 - root - INFO - Working on 20161105.
2017-03-05 19:22:24,928 - root - INFO - Working on 20161106.
2017-03-05 19:22:24,928 - root - INFO - Working on 20161106.
2017-03-05 19:22:24,928 - root - INFO - Working on 20161106.
2017-03-05 19:22:24,928 - root - INFO - Working on 20161106.
2017-03-05 19:22:24,928 - root - INFO - Working on 20161106.
2017-03-05 19:22:25,026 - root - ERROR - Unexpected error: <class 'NameError'>
2017-03-05 19:22:25,026 - root - ERROR - Unexpected error: <class 'NameError'>
2017-03-05 19:22:25,026 - root - ERROR - Unexpected error: <class 'NameError'>
2017-03-05 19:22:25,026 - root - ERROR - Unexpected error: <class 'NameError'>
2017-03-05 19:22:25,026 - root - ERROR - Unexpected error: <class 'NameError'>
2017-03-05 19:22:25,029 - root - INFO - Finished.
2017-03-05 19:22:25,029 - root - INFO - Finished.
2017-03-05 19:22:25,029 - root - INFO - Finished.
2017-03-05 19:22:25,029 - root - INFO - Finished.
2017-03-05 19:22:25,029 - root - INFO - Finished.
2017-03-05 19:27:10,368 - root - INFO - Getting started.
2017-03-05 19:27:10,368 - root - INFO - Getting started.
2017-03-05 19:27:10,368 - root - INFO - Getting started.
2017-03-05 19:27:10,368 - root - INFO - Getting started.
2017-03-05 19:27:10,368 - root - INFO - Getting started.
2017-03-05 19:27:10,368 - root - INFO - Getting started.
2017-03-05 19:27:10,372 - root - INFO - Working on 20161106.
2017-03-05 19:27:10,372 - root - INFO - Working on 20161106.
2017-03-05 19:27:10,372 - root - INFO - Working on 20161106.
2017-03-05 19:27:10,372 - root - INFO - Working on 20161106.
2017-03-05 19:27:10,372 - root - INFO - Working on 20161106.
2017-03-05 19:27:10,372 - root - INFO - Working on 20161106.
2017-03-05 19:27:24,142 - root - INFO - Working on 20161107.
2017-03-05 19:27:24,142 - root - INFO - Working on 20161107.
2017-03-05 19:27:24,142 - root - INFO - Working on 20161107.
2017-03-05 19:27:24,142 - root - INFO - Working on 20161107.
2017-03-05 19:27:24,142 - root - INFO - Working on 20161107.
2017-03-05 19:27:24,142 - root - INFO - Working on 20161107.
2017-03-05 19:27:57,961 - root - INFO - Working on 20161108.
2017-03-05 19:27:57,961 - root - INFO - Working on 20161108.
2017-03-05 19:27:57,961 - root - INFO - Working on 20161108.
2017-03-05 19:27:57,961 - root - INFO - Working on 20161108.
2017-03-05 19:27:57,961 - root - INFO - Working on 20161108.
2017-03-05 19:27:57,961 - root - INFO - Working on 20161108.
2017-03-05 19:28:31,981 - root - INFO - Working on 20161109.
2017-03-05 19:28:31,981 - root - INFO - Working on 20161109.
2017-03-05 19:28:31,981 - root - INFO - Working on 20161109.
2017-03-05 19:28:31,981 - root - INFO - Working on 20161109.
2017-03-05 19:28:31,981 - root - INFO - Working on 20161109.
2017-03-05 19:28:31,981 - root - INFO - Working on 20161109.
2017-03-05 19:29:30,141 - root - INFO - Working on 20161110.
2017-03-05 19:29:30,141 - root - INFO - Working on 20161110.
2017-03-05 19:29:30,141 - root - INFO - Working on 20161110.
2017-03-05 19:29:30,141 - root - INFO - Working on 20161110.
2017-03-05 19:29:30,141 - root - INFO - Working on 20161110.
2017-03-05 19:29:30,141 - root - INFO - Working on 20161110.
2017-03-05 19:29:57,063 - root - INFO - Working on 20161111.
2017-03-05 19:29:57,063 - root - INFO - Working on 20161111.
2017-03-05 19:29:57,063 - root - INFO - Working on 20161111.
2017-03-05 19:29:57,063 - root - INFO - Working on 20161111.
2017-03-05 19:29:57,063 - root - INFO - Working on 20161111.
2017-03-05 19:29:57,063 - root - INFO - Working on 20161111.
2017-03-05 19:30:20,899 - root - INFO - Working on 20161112.
2017-03-05 19:30:20,899 - root - INFO - Working on 20161112.
2017-03-05 19:30:20,899 - root - INFO - Working on 20161112.
2017-03-05 19:30:20,899 - root - INFO - Working on 20161112.
2017-03-05 19:30:20,899 - root - INFO - Working on 20161112.
2017-03-05 19:30:20,899 - root - INFO - Working on 20161112.
2017-03-05 19:30:37,583 - root - INFO - Working on 20161113.
2017-03-05 19:30:37,583 - root - INFO - Working on 20161113.
2017-03-05 19:30:37,583 - root - INFO - Working on 20161113.
2017-03-05 19:30:37,583 - root - INFO - Working on 20161113.
2017-03-05 19:30:37,583 - root - INFO - Working on 20161113.
2017-03-05 19:30:37,583 - root - INFO - Working on 20161113.
2017-03-05 19:30:47,773 - root - INFO - Working on 20161114.
2017-03-05 19:30:47,773 - root - INFO - Working on 20161114.
2017-03-05 19:30:47,773 - root - INFO - Working on 20161114.
2017-03-05 19:30:47,773 - root - INFO - Working on 20161114.
2017-03-05 19:30:47,773 - root - INFO - Working on 20161114.
2017-03-05 19:30:47,773 - root - INFO - Working on 20161114.
2017-03-05 19:31:04,524 - root - INFO - Working on 20161115.
2017-03-05 19:31:04,524 - root - INFO - Working on 20161115.
2017-03-05 19:31:04,524 - root - INFO - Working on 20161115.
2017-03-05 19:31:04,524 - root - INFO - Working on 20161115.
2017-03-05 19:31:04,524 - root - INFO - Working on 20161115.
2017-03-05 19:31:04,524 - root - INFO - Working on 20161115.
2017-03-05 19:31:21,484 - root - INFO - Working on 20161116.
2017-03-05 19:31:21,484 - root - INFO - Working on 20161116.
2017-03-05 19:31:21,484 - root - INFO - Working on 20161116.
2017-03-05 19:31:21,484 - root - INFO - Working on 20161116.
2017-03-05 19:31:21,484 - root - INFO - Working on 20161116.
2017-03-05 19:31:21,484 - root - INFO - Working on 20161116.
2017-03-05 19:31:34,903 - root - INFO - Working on 20161117.
2017-03-05 19:31:34,903 - root - INFO - Working on 20161117.
2017-03-05 19:31:34,903 - root - INFO - Working on 20161117.
2017-03-05 19:31:34,903 - root - INFO - Working on 20161117.
2017-03-05 19:31:34,903 - root - INFO - Working on 20161117.
2017-03-05 19:31:34,903 - root - INFO - Working on 20161117.
2017-03-05 19:31:48,764 - root - INFO - Working on 20161118.
2017-03-05 19:31:48,764 - root - INFO - Working on 20161118.
2017-03-05 19:31:48,764 - root - INFO - Working on 20161118.
2017-03-05 19:31:48,764 - root - INFO - Working on 20161118.
2017-03-05 19:31:48,764 - root - INFO - Working on 20161118.
2017-03-05 19:31:48,764 - root - INFO - Working on 20161118.
2017-03-05 19:32:44,483 - root - INFO - Working on 20161119.
2017-03-05 19:32:44,483 - root - INFO - Working on 20161119.
2017-03-05 19:32:44,483 - root - INFO - Working on 20161119.
2017-03-05 19:32:44,483 - root - INFO - Working on 20161119.
2017-03-05 19:32:44,483 - root - INFO - Working on 20161119.
2017-03-05 19:32:44,483 - root - INFO - Working on 20161119.
2017-03-05 19:32:54,555 - root - INFO - Working on 20161120.
2017-03-05 19:32:54,555 - root - INFO - Working on 20161120.
2017-03-05 19:32:54,555 - root - INFO - Working on 20161120.
2017-03-05 19:32:54,555 - root - INFO - Working on 20161120.
2017-03-05 19:32:54,555 - root - INFO - Working on 20161120.
2017-03-05 19:32:54,555 - root - INFO - Working on 20161120.
2017-03-05 19:33:04,381 - root - INFO - Working on 20161121.
2017-03-05 19:33:04,381 - root - INFO - Working on 20161121.
2017-03-05 19:33:04,381 - root - INFO - Working on 20161121.
2017-03-05 19:33:04,381 - root - INFO - Working on 20161121.
2017-03-05 19:33:04,381 - root - INFO - Working on 20161121.
2017-03-05 19:33:04,381 - root - INFO - Working on 20161121.
2017-03-05 19:33:14,635 - root - INFO - Working on 20161122.
2017-03-05 19:33:14,635 - root - INFO - Working on 20161122.
2017-03-05 19:33:14,635 - root - INFO - Working on 20161122.
2017-03-05 19:33:14,635 - root - INFO - Working on 20161122.
2017-03-05 19:33:14,635 - root - INFO - Working on 20161122.
2017-03-05 19:33:14,635 - root - INFO - Working on 20161122.
2017-03-05 19:33:28,119 - root - INFO - Working on 20161123.
2017-03-05 19:33:28,119 - root - INFO - Working on 20161123.
2017-03-05 19:33:28,119 - root - INFO - Working on 20161123.
2017-03-05 19:33:28,119 - root - INFO - Working on 20161123.
2017-03-05 19:33:28,119 - root - INFO - Working on 20161123.
2017-03-05 19:33:28,119 - root - INFO - Working on 20161123.
2017-03-05 19:33:41,244 - root - INFO - Working on 20161124.
2017-03-05 19:33:41,244 - root - INFO - Working on 20161124.
2017-03-05 19:33:41,244 - root - INFO - Working on 20161124.
2017-03-05 19:33:41,244 - root - INFO - Working on 20161124.
2017-03-05 19:33:41,244 - root - INFO - Working on 20161124.
2017-03-05 19:33:41,244 - root - INFO - Working on 20161124.
2017-03-05 19:33:48,014 - root - INFO - Working on 20161125.
2017-03-05 19:33:48,014 - root - INFO - Working on 20161125.
2017-03-05 19:33:48,014 - root - INFO - Working on 20161125.
2017-03-05 19:33:48,014 - root - INFO - Working on 20161125.
2017-03-05 19:33:48,014 - root - INFO - Working on 20161125.
2017-03-05 19:33:48,014 - root - INFO - Working on 20161125.
2017-03-05 19:33:57,836 - root - INFO - Working on 20161126.
2017-03-05 19:33:57,836 - root - INFO - Working on 20161126.
2017-03-05 19:33:57,836 - root - INFO - Working on 20161126.
2017-03-05 19:33:57,836 - root - INFO - Working on 20161126.
2017-03-05 19:33:57,836 - root - INFO - Working on 20161126.
2017-03-05 19:33:57,836 - root - INFO - Working on 20161126.
2017-03-05 19:34:07,758 - root - INFO - Working on 20161127.
2017-03-05 19:34:07,758 - root - INFO - Working on 20161127.
2017-03-05 19:34:07,758 - root - INFO - Working on 20161127.
2017-03-05 19:34:07,758 - root - INFO - Working on 20161127.
2017-03-05 19:34:07,758 - root - INFO - Working on 20161127.
2017-03-05 19:34:07,758 - root - INFO - Working on 20161127.
2017-03-05 19:34:14,365 - root - INFO - Working on 20161128.
2017-03-05 19:34:14,365 - root - INFO - Working on 20161128.
2017-03-05 19:34:14,365 - root - INFO - Working on 20161128.
2017-03-05 19:34:14,365 - root - INFO - Working on 20161128.
2017-03-05 19:34:14,365 - root - INFO - Working on 20161128.
2017-03-05 19:34:14,365 - root - INFO - Working on 20161128.
2017-03-05 19:34:24,616 - root - INFO - Working on 20161129.
2017-03-05 19:34:24,616 - root - INFO - Working on 20161129.
2017-03-05 19:34:24,616 - root - INFO - Working on 20161129.
2017-03-05 19:34:24,616 - root - INFO - Working on 20161129.
2017-03-05 19:34:24,616 - root - INFO - Working on 20161129.
2017-03-05 19:34:24,616 - root - INFO - Working on 20161129.
2017-03-05 19:34:34,605 - root - INFO - Working on 20161130.
2017-03-05 19:34:34,605 - root - INFO - Working on 20161130.
2017-03-05 19:34:34,605 - root - INFO - Working on 20161130.
2017-03-05 19:34:34,605 - root - INFO - Working on 20161130.
2017-03-05 19:34:34,605 - root - INFO - Working on 20161130.
2017-03-05 19:34:34,605 - root - INFO - Working on 20161130.
2017-03-05 19:34:44,584 - root - INFO - Working on 20161201.
2017-03-05 19:34:44,584 - root - INFO - Working on 20161201.
2017-03-05 19:34:44,584 - root - INFO - Working on 20161201.
2017-03-05 19:34:44,584 - root - INFO - Working on 20161201.
2017-03-05 19:34:44,584 - root - INFO - Working on 20161201.
2017-03-05 19:34:44,584 - root - INFO - Working on 20161201.
2017-03-05 19:34:54,686 - root - INFO - Working on 20161202.
2017-03-05 19:34:54,686 - root - INFO - Working on 20161202.
2017-03-05 19:34:54,686 - root - INFO - Working on 20161202.
2017-03-05 19:34:54,686 - root - INFO - Working on 20161202.
2017-03-05 19:34:54,686 - root - INFO - Working on 20161202.
2017-03-05 19:34:54,686 - root - INFO - Working on 20161202.
2017-03-05 19:35:04,694 - root - INFO - Working on 20161203.
2017-03-05 19:35:04,694 - root - INFO - Working on 20161203.
2017-03-05 19:35:04,694 - root - INFO - Working on 20161203.
2017-03-05 19:35:04,694 - root - INFO - Working on 20161203.
2017-03-05 19:35:04,694 - root - INFO - Working on 20161203.
2017-03-05 19:35:04,694 - root - INFO - Working on 20161203.
2017-03-05 19:35:11,388 - root - INFO - Working on 20161204.
2017-03-05 19:35:11,388 - root - INFO - Working on 20161204.
2017-03-05 19:35:11,388 - root - INFO - Working on 20161204.
2017-03-05 19:35:11,388 - root - INFO - Working on 20161204.
2017-03-05 19:35:11,388 - root - INFO - Working on 20161204.
2017-03-05 19:35:11,388 - root - INFO - Working on 20161204.
2017-03-05 19:35:21,266 - root - INFO - Working on 20161205.
2017-03-05 19:35:21,266 - root - INFO - Working on 20161205.
2017-03-05 19:35:21,266 - root - INFO - Working on 20161205.
2017-03-05 19:35:21,266 - root - INFO - Working on 20161205.
2017-03-05 19:35:21,266 - root - INFO - Working on 20161205.
2017-03-05 19:35:21,266 - root - INFO - Working on 20161205.
2017-03-05 19:35:31,657 - root - INFO - Working on 20161206.
2017-03-05 19:35:31,657 - root - INFO - Working on 20161206.
2017-03-05 19:35:31,657 - root - INFO - Working on 20161206.
2017-03-05 19:35:31,657 - root - INFO - Working on 20161206.
2017-03-05 19:35:31,657 - root - INFO - Working on 20161206.
2017-03-05 19:35:31,657 - root - INFO - Working on 20161206.
2017-03-05 19:35:41,796 - root - INFO - Working on 20161207.
2017-03-05 19:35:41,796 - root - INFO - Working on 20161207.
2017-03-05 19:35:41,796 - root - INFO - Working on 20161207.
2017-03-05 19:35:41,796 - root - INFO - Working on 20161207.
2017-03-05 19:35:41,796 - root - INFO - Working on 20161207.
2017-03-05 19:35:41,796 - root - INFO - Working on 20161207.
2017-03-05 19:35:51,934 - root - INFO - Working on 20161208.
2017-03-05 19:35:51,934 - root - INFO - Working on 20161208.
2017-03-05 19:35:51,934 - root - INFO - Working on 20161208.
2017-03-05 19:35:51,934 - root - INFO - Working on 20161208.
2017-03-05 19:35:51,934 - root - INFO - Working on 20161208.
2017-03-05 19:35:51,934 - root - INFO - Working on 20161208.
2017-03-05 19:36:01,995 - root - INFO - Working on 20161209.
2017-03-05 19:36:01,995 - root - INFO - Working on 20161209.
2017-03-05 19:36:01,995 - root - INFO - Working on 20161209.
2017-03-05 19:36:01,995 - root - INFO - Working on 20161209.
2017-03-05 19:36:01,995 - root - INFO - Working on 20161209.
2017-03-05 19:36:01,995 - root - INFO - Working on 20161209.
2017-03-05 19:36:12,076 - root - INFO - Working on 20161210.
2017-03-05 19:36:12,076 - root - INFO - Working on 20161210.
2017-03-05 19:36:12,076 - root - INFO - Working on 20161210.
2017-03-05 19:36:12,076 - root - INFO - Working on 20161210.
2017-03-05 19:36:12,076 - root - INFO - Working on 20161210.
2017-03-05 19:36:12,076 - root - INFO - Working on 20161210.
2017-03-05 19:36:21,906 - root - INFO - Working on 20161211.
2017-03-05 19:36:21,906 - root - INFO - Working on 20161211.
2017-03-05 19:36:21,906 - root - INFO - Working on 20161211.
2017-03-05 19:36:21,906 - root - INFO - Working on 20161211.
2017-03-05 19:36:21,906 - root - INFO - Working on 20161211.
2017-03-05 19:36:21,906 - root - INFO - Working on 20161211.
2017-03-05 19:36:28,557 - root - INFO - Working on 20161212.
2017-03-05 19:36:28,557 - root - INFO - Working on 20161212.
2017-03-05 19:36:28,557 - root - INFO - Working on 20161212.
2017-03-05 19:36:28,557 - root - INFO - Working on 20161212.
2017-03-05 19:36:28,557 - root - INFO - Working on 20161212.
2017-03-05 19:36:28,557 - root - INFO - Working on 20161212.
2017-03-05 19:36:41,985 - root - INFO - Working on 20161213.
2017-03-05 19:36:41,985 - root - INFO - Working on 20161213.
2017-03-05 19:36:41,985 - root - INFO - Working on 20161213.
2017-03-05 19:36:41,985 - root - INFO - Working on 20161213.
2017-03-05 19:36:41,985 - root - INFO - Working on 20161213.
2017-03-05 19:36:41,985 - root - INFO - Working on 20161213.
2017-03-05 19:36:52,275 - root - INFO - Working on 20161214.
2017-03-05 19:36:52,275 - root - INFO - Working on 20161214.
2017-03-05 19:36:52,275 - root - INFO - Working on 20161214.
2017-03-05 19:36:52,275 - root - INFO - Working on 20161214.
2017-03-05 19:36:52,275 - root - INFO - Working on 20161214.
2017-03-05 19:36:52,275 - root - INFO - Working on 20161214.
2017-03-05 19:37:02,031 - root - INFO - Working on 20161215.
2017-03-05 19:37:02,031 - root - INFO - Working on 20161215.
2017-03-05 19:37:02,031 - root - INFO - Working on 20161215.
2017-03-05 19:37:02,031 - root - INFO - Working on 20161215.
2017-03-05 19:37:02,031 - root - INFO - Working on 20161215.
2017-03-05 19:37:02,031 - root - INFO - Working on 20161215.
2017-03-05 19:37:12,154 - root - INFO - Working on 20161216.
2017-03-05 19:37:12,154 - root - INFO - Working on 20161216.
2017-03-05 19:37:12,154 - root - INFO - Working on 20161216.
2017-03-05 19:37:12,154 - root - INFO - Working on 20161216.
2017-03-05 19:37:12,154 - root - INFO - Working on 20161216.
2017-03-05 19:37:12,154 - root - INFO - Working on 20161216.
2017-03-05 19:37:25,857 - root - INFO - Working on 20161217.
2017-03-05 19:37:25,857 - root - INFO - Working on 20161217.
2017-03-05 19:37:25,857 - root - INFO - Working on 20161217.
2017-03-05 19:37:25,857 - root - INFO - Working on 20161217.
2017-03-05 19:37:25,857 - root - INFO - Working on 20161217.
2017-03-05 19:37:25,857 - root - INFO - Working on 20161217.
2017-03-05 19:37:32,407 - root - INFO - Working on 20161218.
2017-03-05 19:37:32,407 - root - INFO - Working on 20161218.
2017-03-05 19:37:32,407 - root - INFO - Working on 20161218.
2017-03-05 19:37:32,407 - root - INFO - Working on 20161218.
2017-03-05 19:37:32,407 - root - INFO - Working on 20161218.
2017-03-05 19:37:32,407 - root - INFO - Working on 20161218.
2017-03-05 19:37:39,017 - root - INFO - Working on 20161219.
2017-03-05 19:37:39,017 - root - INFO - Working on 20161219.
2017-03-05 19:37:39,017 - root - INFO - Working on 20161219.
2017-03-05 19:37:39,017 - root - INFO - Working on 20161219.
2017-03-05 19:37:39,017 - root - INFO - Working on 20161219.
2017-03-05 19:37:39,017 - root - INFO - Working on 20161219.
2017-03-05 19:37:49,187 - root - INFO - Working on 20161220.
2017-03-05 19:37:49,187 - root - INFO - Working on 20161220.
2017-03-05 19:37:49,187 - root - INFO - Working on 20161220.
2017-03-05 19:37:49,187 - root - INFO - Working on 20161220.
2017-03-05 19:37:49,187 - root - INFO - Working on 20161220.
2017-03-05 19:37:49,187 - root - INFO - Working on 20161220.
2017-03-05 19:37:59,417 - root - INFO - Working on 20161221.
2017-03-05 19:37:59,417 - root - INFO - Working on 20161221.
2017-03-05 19:37:59,417 - root - INFO - Working on 20161221.
2017-03-05 19:37:59,417 - root - INFO - Working on 20161221.
2017-03-05 19:37:59,417 - root - INFO - Working on 20161221.
2017-03-05 19:37:59,417 - root - INFO - Working on 20161221.
2017-03-05 19:38:06,057 - root - INFO - Working on 20161222.
2017-03-05 19:38:06,057 - root - INFO - Working on 20161222.
2017-03-05 19:38:06,057 - root - INFO - Working on 20161222.
2017-03-05 19:38:06,057 - root - INFO - Working on 20161222.
2017-03-05 19:38:06,057 - root - INFO - Working on 20161222.
2017-03-05 19:38:06,057 - root - INFO - Working on 20161222.
2017-03-05 19:38:12,697 - root - INFO - Working on 20161223.
2017-03-05 19:38:12,697 - root - INFO - Working on 20161223.
2017-03-05 19:38:12,697 - root - INFO - Working on 20161223.
2017-03-05 19:38:12,697 - root - INFO - Working on 20161223.
2017-03-05 19:38:12,697 - root - INFO - Working on 20161223.
2017-03-05 19:38:12,697 - root - INFO - Working on 20161223.
2017-03-05 19:38:19,297 - root - INFO - Working on 20161224.
2017-03-05 19:38:19,297 - root - INFO - Working on 20161224.
2017-03-05 19:38:19,297 - root - INFO - Working on 20161224.
2017-03-05 19:38:19,297 - root - INFO - Working on 20161224.
2017-03-05 19:38:19,297 - root - INFO - Working on 20161224.
2017-03-05 19:38:19,297 - root - INFO - Working on 20161224.
2017-03-05 19:38:25,798 - root - INFO - Working on 20161225.
2017-03-05 19:38:25,798 - root - INFO - Working on 20161225.
2017-03-05 19:38:25,798 - root - INFO - Working on 20161225.
2017-03-05 19:38:25,798 - root - INFO - Working on 20161225.
2017-03-05 19:38:25,798 - root - INFO - Working on 20161225.
2017-03-05 19:38:25,798 - root - INFO - Working on 20161225.
2017-03-05 19:38:32,288 - root - INFO - Working on 20161226.
2017-03-05 19:38:32,288 - root - INFO - Working on 20161226.
2017-03-05 19:38:32,288 - root - INFO - Working on 20161226.
2017-03-05 19:38:32,288 - root - INFO - Working on 20161226.
2017-03-05 19:38:32,288 - root - INFO - Working on 20161226.
2017-03-05 19:38:32,288 - root - INFO - Working on 20161226.
2017-03-05 19:38:38,878 - root - INFO - Working on 20161227.
2017-03-05 19:38:38,878 - root - INFO - Working on 20161227.
2017-03-05 19:38:38,878 - root - INFO - Working on 20161227.
2017-03-05 19:38:38,878 - root - INFO - Working on 20161227.
2017-03-05 19:38:38,878 - root - INFO - Working on 20161227.
2017-03-05 19:38:38,878 - root - INFO - Working on 20161227.
2017-03-05 19:38:45,397 - root - INFO - Working on 20161228.
2017-03-05 19:38:45,397 - root - INFO - Working on 20161228.
2017-03-05 19:38:45,397 - root - INFO - Working on 20161228.
2017-03-05 19:38:45,397 - root - INFO - Working on 20161228.
2017-03-05 19:38:45,397 - root - INFO - Working on 20161228.
2017-03-05 19:38:45,397 - root - INFO - Working on 20161228.
2017-03-05 19:38:52,318 - root - INFO - Working on 20161229.
2017-03-05 19:38:52,318 - root - INFO - Working on 20161229.
2017-03-05 19:38:52,318 - root - INFO - Working on 20161229.
2017-03-05 19:38:52,318 - root - INFO - Working on 20161229.
2017-03-05 19:38:52,318 - root - INFO - Working on 20161229.
2017-03-05 19:38:52,318 - root - INFO - Working on 20161229.
2017-03-05 19:38:59,057 - root - INFO - Working on 20161230.
2017-03-05 19:38:59,057 - root - INFO - Working on 20161230.
2017-03-05 19:38:59,057 - root - INFO - Working on 20161230.
2017-03-05 19:38:59,057 - root - INFO - Working on 20161230.
2017-03-05 19:38:59,057 - root - INFO - Working on 20161230.
2017-03-05 19:38:59,057 - root - INFO - Working on 20161230.
2017-03-05 19:39:08,848 - root - INFO - Working on 20161231.
2017-03-05 19:39:08,848 - root - INFO - Working on 20161231.
2017-03-05 19:39:08,848 - root - INFO - Working on 20161231.
2017-03-05 19:39:08,848 - root - INFO - Working on 20161231.
2017-03-05 19:39:08,848 - root - INFO - Working on 20161231.
2017-03-05 19:39:08,848 - root - INFO - Working on 20161231.
2017-03-05 19:39:15,366 - root - INFO - Working on 20170101.
2017-03-05 19:39:15,366 - root - INFO - Working on 20170101.
2017-03-05 19:39:15,366 - root - INFO - Working on 20170101.
2017-03-05 19:39:15,366 - root - INFO - Working on 20170101.
2017-03-05 19:39:15,366 - root - INFO - Working on 20170101.
2017-03-05 19:39:15,366 - root - INFO - Working on 20170101.
2017-03-05 19:39:21,798 - root - INFO - Working on 20170102.
2017-03-05 19:39:21,798 - root - INFO - Working on 20170102.
2017-03-05 19:39:21,798 - root - INFO - Working on 20170102.
2017-03-05 19:39:21,798 - root - INFO - Working on 20170102.
2017-03-05 19:39:21,798 - root - INFO - Working on 20170102.
2017-03-05 19:39:21,798 - root - INFO - Working on 20170102.
2017-03-05 19:39:28,599 - root - INFO - Working on 20170103.
2017-03-05 19:39:28,599 - root - INFO - Working on 20170103.
2017-03-05 19:39:28,599 - root - INFO - Working on 20170103.
2017-03-05 19:39:28,599 - root - INFO - Working on 20170103.
2017-03-05 19:39:28,599 - root - INFO - Working on 20170103.
2017-03-05 19:39:28,599 - root - INFO - Working on 20170103.
2017-03-05 19:39:34,998 - root - INFO - Working on 20170104.
2017-03-05 19:39:34,998 - root - INFO - Working on 20170104.
2017-03-05 19:39:34,998 - root - INFO - Working on 20170104.
2017-03-05 19:39:34,998 - root - INFO - Working on 20170104.
2017-03-05 19:39:34,998 - root - INFO - Working on 20170104.
2017-03-05 19:39:34,998 - root - INFO - Working on 20170104.
2017-03-05 19:40:51,110 - root - INFO - Getting started.
2017-03-05 19:40:51,115 - root - INFO - Working on 20160901.
2017-03-05 19:41:04,819 - root - INFO - Working on 20160902.
2017-03-05 19:41:18,101 - root - INFO - Working on 20160903.
2017-03-05 19:41:28,340 - root - INFO - Working on 20160904.
2017-03-05 19:41:34,969 - root - INFO - Working on 20160905.
2017-03-05 19:41:48,229 - root - INFO - Working on 20160906.
2017-03-05 19:42:01,919 - root - INFO - Working on 20160907.
2017-03-05 19:42:15,600 - root - INFO - Working on 20160908.
2017-03-05 19:42:32,780 - root - INFO - Working on 20160909.
2017-03-05 19:42:49,802 - root - INFO - Working on 20160910.
2017-03-05 19:43:03,650 - root - INFO - Working on 20160911.
2017-03-05 19:43:10,381 - root - INFO - Working on 20160912.
2017-03-05 19:43:24,119 - root - INFO - Working on 20160913.
2017-03-05 19:43:37,631 - root - INFO - Working on 20160914.
2017-03-05 19:43:54,521 - root - INFO - Working on 20160915.
2017-03-05 19:44:11,751 - root - INFO - Working on 20160916.
2017-03-05 19:44:28,750 - root - INFO - Working on 20160917.
2017-03-05 19:44:38,871 - root - INFO - Working on 20160918.
2017-03-05 19:44:52,301 - root - INFO - Working on 20160919.
2017-03-05 19:45:05,592 - root - INFO - Working on 20160920.
2017-03-05 19:45:19,932 - root - INFO - Working on 20160921.
2017-03-05 19:45:33,474 - root - INFO - Working on 20160922.
2017-03-05 19:45:46,902 - root - INFO - Working on 20160923.
2017-03-05 19:46:00,272 - root - INFO - Working on 20160924.
2017-03-05 19:46:10,626 - root - INFO - Working on 20160925.
2017-03-05 19:46:23,972 - root - INFO - Working on 20160926.
2017-03-05 19:46:40,982 - root - INFO - Working on 20160927.
2017-03-05 19:47:04,812 - root - INFO - Working on 20160928.
2017-03-05 19:47:25,571 - root - INFO - Working on 20160929.
2017-03-05 19:47:42,888 - root - INFO - Working on 20160930.
2017-03-05 19:47:59,903 - root - INFO - Working on 20161001.
2017-03-05 19:48:13,429 - root - INFO - Working on 20161002.
2017-03-05 19:48:27,203 - root - INFO - Working on 20161003.
2017-03-05 19:48:40,632 - root - INFO - Working on 20161004.
2017-03-05 19:48:57,585 - root - INFO - Working on 20161005.
2017-03-05 19:49:18,373 - root - INFO - Working on 20161006.
2017-03-05 19:49:31,714 - root - INFO - Working on 20161007.
2017-03-05 19:49:45,231 - root - INFO - Working on 20161008.
2017-03-05 19:50:02,053 - root - INFO - Working on 20161009.
2017-03-05 19:50:15,573 - root - INFO - Working on 20161010.
2017-03-05 19:50:42,665 - root - INFO - Working on 20161011.
2017-03-05 19:51:06,496 - root - INFO - Working on 20161012.
2017-03-05 19:51:27,154 - root - INFO - Working on 20161013.
2017-03-05 19:51:44,086 - root - INFO - Working on 20161014.
2017-03-05 19:52:01,055 - root - INFO - Working on 20161015.
2017-03-05 19:52:24,576 - root - INFO - Working on 20161016.
2017-03-05 19:52:34,585 - root - INFO - Working on 20161017.
2017-03-05 19:52:54,737 - root - INFO - Working on 20161018.
2017-03-05 19:53:14,865 - root - INFO - Working on 20161019.
2017-03-05 19:53:35,577 - root - INFO - Working on 20161020.
2017-03-05 19:54:10,227 - root - INFO - Working on 20161021.
2017-03-05 19:54:34,526 - root - INFO - Working on 20161022.
2017-03-05 19:55:02,247 - root - INFO - Working on 20161023.
2017-03-05 19:55:15,719 - root - INFO - Working on 20161024.
2017-03-05 19:55:36,678 - root - INFO - Working on 20161025.
2017-03-05 19:55:53,329 - root - INFO - Working on 20161026.
2017-03-05 19:56:10,438 - root - INFO - Working on 20161027.
2017-03-05 19:56:27,347 - root - INFO - Working on 20161028.
2017-03-05 19:56:47,848 - root - INFO - Working on 20161029.
2017-03-05 19:57:04,769 - root - INFO - Working on 20161030.
2017-03-05 19:57:18,330 - root - INFO - Working on 20161031.
2017-03-05 19:57:42,229 - root - INFO - Working on 20161101.
2017-03-05 19:58:05,680 - root - INFO - Working on 20161102.
2017-03-05 19:58:33,008 - root - INFO - Working on 20161103.
2017-03-05 19:58:56,759 - root - INFO - Working on 20161104.
2017-03-05 19:59:27,430 - root - INFO - Working on 20161105.
2017-03-05 19:59:51,420 - root - INFO - Working on 20161106.
2017-03-05 20:00:04,832 - root - INFO - Working on 20161107.
2017-03-05 20:00:39,551 - root - INFO - Working on 20161108.
2017-03-05 20:01:13,821 - root - INFO - Working on 20161109.
2017-03-05 20:02:11,930 - root - INFO - Working on 20161110.
2017-03-05 20:02:39,523 - root - INFO - Working on 20161111.
2017-03-05 20:03:03,372 - root - INFO - Working on 20161112.
2017-03-05 20:03:20,112 - root - INFO - Working on 20161113.
2017-03-05 20:03:30,163 - root - INFO - Working on 20161114.
2017-03-05 20:03:46,779 - root - INFO - Working on 20161115.
2017-03-05 20:04:03,464 - root - INFO - Working on 20161116.
2017-03-05 20:04:17,199 - root - INFO - Working on 20161117.
2017-03-05 20:04:30,763 - root - INFO - Working on 20161118.
2017-03-05 20:04:44,213 - root - INFO - Working on 20161119.
2017-03-05 20:04:54,158 - root - INFO - Working on 20161120.
2017-03-05 20:05:04,084 - root - INFO - Working on 20161121.
2017-03-05 20:05:14,004 - root - INFO - Working on 20161122.
2017-03-05 20:05:27,493 - root - INFO - Working on 20161123.
2017-03-05 20:05:40,944 - root - INFO - Working on 20161124.
2017-03-05 20:05:47,385 - root - INFO - Working on 20161125.
2017-03-05 20:05:57,376 - root - INFO - Working on 20161126.
2017-03-05 20:06:07,321 - root - INFO - Working on 20161127.
2017-03-05 20:06:13,818 - root - INFO - Working on 20161128.
2017-03-05 20:06:24,363 - root - INFO - Working on 20161129.
2017-03-05 20:06:34,205 - root - INFO - Working on 20161130.
2017-03-05 20:06:44,435 - root - INFO - Working on 20161201.
2017-03-05 20:06:54,456 - root - INFO - Working on 20161202.
2017-03-05 20:07:04,485 - root - INFO - Working on 20161203.
2017-03-05 20:07:11,098 - root - INFO - Working on 20161204.
2017-03-05 20:07:21,115 - root - INFO - Working on 20161205.
2017-03-05 20:07:31,113 - root - INFO - Working on 20161206.
2017-03-05 20:07:41,396 - root - INFO - Working on 20161207.
2017-03-05 20:07:51,415 - root - INFO - Working on 20161208.
2017-03-05 20:08:01,506 - root - INFO - Working on 20161209.
2017-03-05 20:08:11,646 - root - INFO - Working on 20161210.
2017-03-05 20:08:21,586 - root - INFO - Working on 20161211.
2017-03-05 20:08:28,196 - root - INFO - Working on 20161212.
2017-03-05 20:08:41,675 - root - INFO - Working on 20161213.
2017-03-05 20:08:51,856 - root - INFO - Working on 20161214.
2017-03-05 20:09:02,065 - root - INFO - Working on 20161215.
2017-03-05 20:09:12,087 - root - INFO - Working on 20161216.
2017-03-05 20:09:25,306 - root - INFO - Working on 20161217.
2017-03-05 20:09:31,837 - root - INFO - Working on 20161218.
2017-03-05 20:09:32,120 - root - ERROR - Unexpected error: <class 'NameError'>
2017-03-05 20:09:32,143 - root - INFO - Finished.
2017-03-05 20:36:48,451 - root - INFO - Getting started.
2017-03-05 20:36:48,451 - root - INFO - Getting started.
2017-03-05 20:36:48,459 - root - INFO - Working on 20160701.
2017-03-05 20:36:48,459 - root - INFO - Working on 20160701.
2017-03-05 20:36:58,911 - root - INFO - Working on 20160702.
2017-03-05 20:36:58,911 - root - INFO - Working on 20160702.
2017-03-05 20:37:09,012 - root - INFO - Working on 20160703.
2017-03-05 20:37:09,012 - root - INFO - Working on 20160703.
2017-03-05 20:37:15,725 - root - INFO - Working on 20160704.
2017-03-05 20:37:15,725 - root - INFO - Working on 20160704.
2017-03-05 20:37:22,436 - root - INFO - Working on 20160705.
2017-03-05 20:37:22,436 - root - INFO - Working on 20160705.
2017-03-05 20:37:35,938 - root - INFO - Working on 20160706.
2017-03-05 20:37:35,938 - root - INFO - Working on 20160706.
2017-03-05 20:37:46,437 - root - INFO - Working on 20160707.
2017-03-05 20:37:46,437 - root - INFO - Working on 20160707.
2017-03-05 20:37:56,839 - root - INFO - Working on 20160708.
2017-03-05 20:37:56,839 - root - INFO - Working on 20160708.
2017-03-05 20:38:07,514 - root - INFO - Working on 20160709.
2017-03-05 20:38:07,514 - root - INFO - Working on 20160709.
2017-03-05 20:38:14,293 - root - INFO - Working on 20160710.
2017-03-05 20:38:14,293 - root - INFO - Working on 20160710.
2017-03-05 20:38:21,023 - root - INFO - Working on 20160711.
2017-03-05 20:38:21,023 - root - INFO - Working on 20160711.
2017-03-05 20:38:31,105 - root - INFO - Working on 20160712.
2017-03-05 20:38:31,105 - root - INFO - Working on 20160712.
2017-03-05 20:38:44,602 - root - INFO - Working on 20160713.
2017-03-05 20:38:44,602 - root - INFO - Working on 20160713.
2017-03-05 20:38:58,304 - root - INFO - Working on 20160714.
2017-03-05 20:38:58,304 - root - INFO - Working on 20160714.
2017-03-05 20:39:11,944 - root - INFO - Working on 20160715.
2017-03-05 20:39:11,944 - root - INFO - Working on 20160715.
2017-03-05 20:39:25,765 - root - INFO - Working on 20160716.
2017-03-05 20:39:25,765 - root - INFO - Working on 20160716.
2017-03-05 20:39:35,884 - root - INFO - Working on 20160717.
2017-03-05 20:39:35,884 - root - INFO - Working on 20160717.
2017-03-05 20:39:46,141 - root - INFO - Working on 20160718.
2017-03-05 20:39:46,141 - root - INFO - Working on 20160718.
2017-03-05 20:40:00,184 - root - INFO - Working on 20160719.
2017-03-05 20:40:00,184 - root - INFO - Working on 20160719.
2017-03-05 20:40:17,947 - root - INFO - Working on 20160720.
2017-03-05 20:40:17,947 - root - INFO - Working on 20160720.
2017-03-05 20:40:35,121 - root - INFO - Working on 20160721.
2017-03-05 20:40:35,121 - root - INFO - Working on 20160721.
2017-03-05 20:40:52,065 - root - INFO - Working on 20160722.
2017-03-05 20:40:52,065 - root - INFO - Working on 20160722.
2017-03-05 20:41:09,754 - root - INFO - Working on 20160723.
2017-03-05 20:41:09,754 - root - INFO - Working on 20160723.
2017-03-05 20:41:23,155 - root - INFO - Working on 20160724.
2017-03-05 20:41:23,155 - root - INFO - Working on 20160724.
2017-03-05 20:41:33,305 - root - INFO - Working on 20160725.
2017-03-05 20:41:33,305 - root - INFO - Working on 20160725.
2017-03-05 20:41:46,866 - root - INFO - Working on 20160726.
2017-03-05 20:41:46,866 - root - INFO - Working on 20160726.
2017-03-05 20:42:04,286 - root - INFO - Working on 20160727.
2017-03-05 20:42:04,286 - root - INFO - Working on 20160727.
2017-03-05 20:42:21,077 - root - INFO - Working on 20160728.
2017-03-05 20:42:21,077 - root - INFO - Working on 20160728.
2017-03-05 20:42:41,668 - root - INFO - Working on 20160729.
2017-03-05 20:42:41,668 - root - INFO - Working on 20160729.
2017-03-05 20:43:05,797 - root - INFO - Working on 20160730.
2017-03-05 20:43:05,797 - root - INFO - Working on 20160730.
2017-03-05 20:43:19,227 - root - INFO - Working on 20160731.
2017-03-05 20:43:19,227 - root - INFO - Working on 20160731.
2017-03-05 20:43:32,995 - root - INFO - Working on 20160801.
2017-03-05 20:43:32,995 - root - INFO - Working on 20160801.
2017-03-05 20:43:46,453 - root - INFO - Working on 20160802.
2017-03-05 20:43:46,453 - root - INFO - Working on 20160802.
2017-03-05 20:44:00,127 - root - INFO - Working on 20160803.
2017-03-05 20:44:00,127 - root - INFO - Working on 20160803.
2017-03-05 20:44:10,544 - root - INFO - Working on 20160804.
2017-03-05 20:44:10,544 - root - INFO - Working on 20160804.
2017-03-05 20:44:24,258 - root - INFO - Working on 20160805.
2017-03-05 20:44:24,258 - root - INFO - Working on 20160805.
2017-03-05 20:44:37,827 - root - INFO - Working on 20160806.
2017-03-05 20:44:37,827 - root - INFO - Working on 20160806.
2017-03-05 20:44:49,107 - root - INFO - Working on 20160807.
2017-03-05 20:44:49,107 - root - INFO - Working on 20160807.
2017-03-05 20:44:59,038 - root - INFO - Working on 20160808.
2017-03-05 20:44:59,038 - root - INFO - Working on 20160808.
2017-03-05 20:45:09,448 - root - INFO - Working on 20160809.
2017-03-05 20:45:09,448 - root - INFO - Working on 20160809.
2017-03-05 20:45:23,085 - root - INFO - Working on 20160810.
2017-03-05 20:45:23,085 - root - INFO - Working on 20160810.
2017-03-05 20:45:37,520 - root - INFO - Working on 20160811.
2017-03-05 20:45:37,520 - root - INFO - Working on 20160811.
2017-03-05 20:45:51,078 - root - INFO - Working on 20160812.
2017-03-05 20:45:51,078 - root - INFO - Working on 20160812.
2017-03-05 20:46:04,568 - root - INFO - Working on 20160813.
2017-03-05 20:46:04,568 - root - INFO - Working on 20160813.
2017-03-05 20:46:14,958 - root - INFO - Working on 20160814.
2017-03-05 20:46:14,958 - root - INFO - Working on 20160814.
2017-03-05 20:46:21,401 - root - INFO - Working on 20160815.
2017-03-05 20:46:21,401 - root - INFO - Working on 20160815.
2017-03-05 20:46:35,769 - root - INFO - Working on 20160816.
2017-03-05 20:46:35,769 - root - INFO - Working on 20160816.
2017-03-05 20:46:49,359 - root - INFO - Working on 20160817.
2017-03-05 20:46:49,359 - root - INFO - Working on 20160817.
2017-03-05 20:47:03,012 - root - INFO - Working on 20160818.
2017-03-05 20:47:03,012 - root - INFO - Working on 20160818.
2017-03-05 20:47:13,178 - root - INFO - Working on 20160819.
2017-03-05 20:47:13,178 - root - INFO - Working on 20160819.
2017-03-05 20:47:23,229 - root - INFO - Working on 20160820.
2017-03-05 20:47:23,229 - root - INFO - Working on 20160820.
2017-03-05 20:47:33,418 - root - INFO - Working on 20160821.
2017-03-05 20:47:33,418 - root - INFO - Working on 20160821.
2017-03-05 20:47:43,473 - root - INFO - Working on 20160822.
2017-03-05 20:47:43,473 - root - INFO - Working on 20160822.
2017-03-05 20:47:56,860 - root - INFO - Working on 20160823.
2017-03-05 20:47:56,860 - root - INFO - Working on 20160823.
2017-03-05 20:48:04,175 - root - ERROR - Unexpected error: <class 'NameError'>
2017-03-05 20:48:04,175 - root - ERROR - Unexpected error: <class 'NameError'>
2017-03-05 20:48:04,175 - root - INFO - Finished.
2017-03-05 20:48:04,175 - root - INFO - Finished.
