2017-03-05 20:35:12,752 - root - INFO - Application started....
2017-03-05 20:35:12,759 - root - INFO - Reading JSON files from data folder.
2017-03-05 20:35:12,766 - root - INFO - 418 number of JSON files found in data folder
2017-03-05 20:35:31,313 - root - INFO - Iterating through all the JSON files.
2017-03-05 20:35:31,506 - root - INFO - 3624 number of articles files found.
2017-03-05 21:20:39,422 - root - INFO - Application started....
2017-03-05 21:20:39,422 - root - INFO - Application started....
2017-03-05 21:20:39,426 - root - INFO - Reading JSON files from data folder.
2017-03-05 21:20:39,426 - root - INFO - Reading JSON files from data folder.
2017-03-05 21:20:39,450 - root - INFO - 562 number of JSON files found in data folder
2017-03-05 21:20:39,450 - root - INFO - 562 number of JSON files found in data folder
2017-03-05 21:20:41,820 - root - INFO - Iterating through all the JSON files.
2017-03-05 21:20:41,820 - root - INFO - Iterating through all the JSON files.
2017-03-05 21:20:42,255 - root - INFO - 4871 number of articles files found.
2017-03-05 21:20:42,255 - root - INFO - 4871 number of articles files found.
2017-03-05 22:05:50,187 - root - INFO - Application started....
2017-03-05 22:05:50,193 - root - INFO - Reading JSON files from data folder.
2017-03-05 22:05:50,204 - root - INFO - 562 number of JSON files found in data folder
2017-03-05 22:05:50,286 - root - INFO - Iterating through all the JSON files.
2017-03-05 22:05:50,587 - root - INFO - 4871 number of articles files found.
2017-03-06 09:06:39,422 - root - INFO - Application started....
2017-03-06 09:06:39,427 - root - INFO - Reading JSON files from data folder.
2017-03-06 09:06:39,447 - root - INFO - 562 number of JSON files found in data folder
2017-03-06 09:06:39,501 - root - INFO - Iterating through all the JSON files.
2017-03-06 09:06:42,953 - root - INFO - 4871 number of articles files found.
2017-03-06 09:23:10,425 - root - INFO - Application started....
2017-03-06 09:23:10,428 - root - INFO - Reading JSON files from data folder.
2017-03-06 09:23:10,440 - root - INFO - 562 number of JSON files found in data folder
2017-03-06 09:23:10,498 - root - INFO - Iterating through all the JSON files.
2017-03-06 09:23:13,628 - root - INFO - 4871 number of articles files found.
2017-03-06 09:36:32,776 - root - INFO - Application started....
2017-03-06 09:36:32,778 - root - INFO - Reading JSON files from data folder.
2017-03-06 09:36:32,787 - root - INFO - 562 number of JSON files found in data folder
2017-03-06 09:36:32,863 - root - INFO - Iterating through all the JSON files.
2017-03-06 09:36:33,129 - root - INFO - 4871 number of articles files found.
2017-03-06 09:53:53,180 - root - INFO - Application started....
2017-03-06 09:53:53,182 - root - INFO - Reading JSON files from data folder.
2017-03-06 09:53:53,194 - root - INFO - 562 number of JSON files found in data folder
2017-03-06 09:53:53,258 - root - INFO - Iterating through all the JSON files.
2017-03-06 09:53:55,733 - root - INFO - 4871 number of articles files found.
2017-03-06 09:57:06,172 - root - INFO - Application started....
2017-03-06 09:57:06,175 - root - INFO - Reading JSON files from data folder.
2017-03-06 09:57:06,186 - root - INFO - 562 number of JSON files found in data folder
2017-03-06 09:57:06,273 - root - INFO - Iterating through all the JSON files.
2017-03-06 09:57:06,592 - root - INFO - 4871 number of articles files found.
2017-03-06 10:40:28,698 - root - INFO - Application started....
2017-03-06 10:40:28,701 - root - INFO - Reading JSON files from data folder.
2017-03-06 10:40:28,709 - root - INFO - 562 number of JSON files found in data folder
2017-03-06 10:40:28,799 - root - INFO - Iterating through all the JSON files.
2017-03-06 10:40:33,111 - root - INFO - 4871 number of articles files found.
2017-03-06 11:10:34,039 - root - INFO - Application started....
2017-03-06 11:10:34,040 - root - INFO - Reading JSON files from data folder.
2017-03-06 11:10:34,053 - root - INFO - 562 number of JSON files found in data folder
2017-03-06 11:10:34,161 - root - INFO - Iterating through all the JSON files.
2017-03-06 11:10:34,443 - root - INFO - 4871 number of articles files found.
