2017-02-27 02:54:52,714 - root - INFO - Application started....
2017-02-27 02:54:52,717 - root - INFO - Reading JSON files from data folder.
2017-02-27 02:57:26,883 - root - INFO - Application started....
2017-02-27 02:57:26,883 - root - INFO - Application started....
2017-02-27 02:57:26,884 - root - INFO - Reading JSON files from data folder.
2017-02-27 02:57:26,884 - root - INFO - Reading JSON files from data folder.
2017-02-27 02:57:26,973 - root - INFO - 11728 number of JSON files found.
2017-02-27 02:57:26,973 - root - INFO - 11728 number of JSON files found.
2017-02-27 03:00:33,198 - root - INFO - Application started....
2017-02-27 03:00:33,198 - root - INFO - Application started....
2017-02-27 03:00:33,198 - root - INFO - Application started....
2017-02-27 03:00:33,203 - root - INFO - Reading JSON files from data folder.
2017-02-27 03:00:33,203 - root - INFO - Reading JSON files from data folder.
2017-02-27 03:00:33,203 - root - INFO - Reading JSON files from data folder.
2017-02-27 03:00:33,205 - root - INFO - 0 number of JSON files found.
2017-02-27 03:00:33,205 - root - INFO - 0 number of JSON files found.
2017-02-27 03:00:33,205 - root - INFO - 0 number of JSON files found.
2017-02-27 03:00:58,332 - root - INFO - Application started....
2017-02-27 03:00:58,332 - root - INFO - Application started....
2017-02-27 03:00:58,332 - root - INFO - Application started....
2017-02-27 03:00:58,332 - root - INFO - Application started....
2017-02-27 03:00:58,334 - root - INFO - Reading JSON files from data folder.
2017-02-27 03:00:58,334 - root - INFO - Reading JSON files from data folder.
2017-02-27 03:00:58,334 - root - INFO - Reading JSON files from data folder.
2017-02-27 03:00:58,334 - root - INFO - Reading JSON files from data folder.
2017-02-27 03:00:58,428 - root - INFO - 11728 number of JSON files found.
2017-02-27 03:00:58,428 - root - INFO - 11728 number of JSON files found.
2017-02-27 03:00:58,428 - root - INFO - 11728 number of JSON files found.
2017-02-27 03:00:58,428 - root - INFO - 11728 number of JSON files found.
2017-02-27 03:03:57,407 - root - INFO - Creating a zip file of data processed folder.
2017-02-27 03:03:57,407 - root - INFO - Creating a zip file of data processed folder.
2017-02-27 03:03:57,407 - root - INFO - Creating a zip file of data processed folder.
2017-02-27 03:03:57,407 - root - INFO - Creating a zip file of data processed folder.
2017-02-27 03:05:06,989 - root - INFO - Data processed zip file can be found on path : D:\NEU\Spring2017\Python\Assignment 2\Question2Data_Processed.zip
2017-02-27 03:05:06,989 - root - INFO - Data processed zip file can be found on path : D:\NEU\Spring2017\Python\Assignment 2\Question2Data_Processed.zip
2017-02-27 03:05:06,989 - root - INFO - Data processed zip file can be found on path : D:\NEU\Spring2017\Python\Assignment 2\Question2Data_Processed.zip
2017-02-27 03:05:06,989 - root - INFO - Data processed zip file can be found on path : D:\NEU\Spring2017\Python\Assignment 2\Question2Data_Processed.zip
2017-02-27 03:05:06,989 - root - INFO - Application finished....
2017-02-27 03:05:06,989 - root - INFO - Application finished....
2017-02-27 03:05:06,989 - root - INFO - Application finished....
2017-02-27 03:05:06,989 - root - INFO - Application finished....
2017-02-27 11:10:48,245 - root - INFO - Application started....
2017-02-27 11:10:48,273 - root - INFO - Reading JSON files from data folder.
2017-02-27 11:10:48,368 - root - INFO - 11728 number of JSON files found.
2017-02-27 11:12:36,280 - root - INFO - Creating a zip file of data processed folder.
2017-02-27 11:15:14,283 - root - INFO - Data processed zip file can be found on path : D:\NEU\Spring2017\Python\deo_sumit_spring2017\Assignment2\Question2\Part1Data_Processed.zip
2017-02-27 11:15:14,283 - root - INFO - Application finished....
